C51 COMPILER V9.53.0.0   PROGRAM                                                           01/06/2025 19:25:25 PAGE 1   


C51 COMPILER V9.53.0.0, COMPILATION OF MODULE PROGRAM
OBJECT MODULE PLACED IN program.OBJ
COMPILER INVOKED BY: C:\Keil_v5\C51\BIN\C51.EXE program.c OPTIMIZE(8,SPEED) BROWSE DEBUG OBJECTEXTEND TABS(2)

line level    source

   1          #include<reg51.h>
   2          sbit LED=P2^1;
   3          sbit button=P3^0;
   4          void delay();
   5          void main()
   6          {
   7   1        P2=0x00;
   8   1        P3=0x00;
   9   1        while(1){
  10   2          if(button==1){
  11   3            LED=1;
  12   3            delay();
  13   3            LED=0;
  14   3            delay();
  15   3          }}}
  16          void delay()
  17          {
  18   1        unsigned int i;
  19   1        for (i=1;i<35000;i++);
  20   1      }


MODULE INFORMATION:   STATIC OVERLAYABLE
   CODE SIZE        =     46    ----
   CONSTANT SIZE    =   ----    ----
   XDATA SIZE       =   ----    ----
   PDATA SIZE       =   ----    ----
   DATA SIZE        =   ----    ----
   IDATA SIZE       =   ----    ----
   BIT SIZE         =   ----    ----
END OF MODULE INFORMATION.


C51 COMPILATION COMPLETE.  0 WARNING(S),  0 ERROR(S)
