C51 COMPILER V9.53.0.0   PROGRAM                                                           01/31/2025 15:26:39 PAGE 1   


C51 COMPILER V9.53.0.0, COMPILATION OF MODULE PROGRAM
OBJECT MODULE PLACED IN program.OBJ
COMPILER INVOKED BY: C:\Keil_v5\C51\BIN\C51.EXE program.c OPTIMIZE(8,SPEED) BROWSE DEBUG OBJECTEXTEND TABS(2)

line level    source

   1          #include<reg51.h>
   2          sbit C1=P1^0;
   3          sbit C2=P1^1;
   4          sbit C3=P1^2;
   5          sbit R1=P1^3;
   6          sbit R2=P1^4;
   7          sbit R3=P1^5;
   8          sbit R4=P1^6;
   9          sbit RS=P2^0;
  10          sbit RW=P2^1;
  11          sbit EN=P2^2;
  12          void cmd(unsigned char a);
  13          void dat(unsigned char a);
  14          void delay();
  15          void RF1();
  16          void RF2();
  17          void RF3();
  18          void main(){
  19   1      P1=0x00;
  20   1      P2=0x00;
  21   1      P3=0x00;
  22   1      cmd(0x38);
  23   1      cmd(0x0C);
  24   1      cmd(0x10);
  25   1      cmd(0x01);
  26   1      cmd(0x06);
  27   1      cmd(0x80);
  28   1      cmd(0xC0);
  29   1      while(1){
  30   2        C1=C2=C3=1;
  31   2        R1=R2=R3=R4=0;
  32   2        if(C1==0)
  33   2        RF1();
  34   2        if(C2==0)
  35   2        RF2();
  36   2        if(C3==0)
  37   2        RF3();
  38   2      cmd(0x0C);}}
  39          void RF1(){
  40   1        R1=R2=R3=R4=1;
  41   1        C1=C2=C3=0;
  42   1        if(R1==0)
  43   1          dat('1');
  44   1        if(R2==0)
  45   1          dat('4');
  46   1        if(R3==0)
  47   1          dat('7');
  48   1        if(R4==0)
  49   1          dat('*');
  50   1        cmd(0x0C);}
  51          void RF2(){
  52   1        R1=R2=R3=R4=1;
  53   1        C1=C2=C3=0;
  54   1        if(R1==0)
  55   1          dat('2');
C51 COMPILER V9.53.0.0   PROGRAM                                                           01/31/2025 15:26:39 PAGE 2   

  56   1        if(R2==0)
  57   1          dat('5');
  58   1        if(R3==0)
  59   1          dat('8');
  60   1        if(R4==0)
  61   1          dat('0');
  62   1        cmd(0x0C);}
  63          void RF3(){
  64   1        R1=R2=R3=R4=1;
  65   1        C1=C2=C3=0;
  66   1        if(R1==0)
  67   1          dat('3');
  68   1        if(R2==0)
  69   1          dat('6');
  70   1        if(R3==0)
  71   1          dat('9');
  72   1        if(R4==0)
  73   1          dat('#');
  74   1        cmd(0x0C);}
  75            void cmd(unsigned char a){
  76   1        P3=a;
  77   1        RS=0;
  78   1        RW=0;
  79   1        EN=1;
  80   1        delay();
  81   1        EN=0;}
  82          void dat(unsigned char a){
  83   1        P3=a;
  84   1        RS=1;
  85   1        RW=0;
  86   1        EN=1;
  87   1        delay();
  88   1        EN=0;}
  89          void delay(){
  90   1        unsigned int i;
  91   1        for(i=0;i<20000;i++);}


MODULE INFORMATION:   STATIC OVERLAYABLE
   CODE SIZE        =    277    ----
   CONSTANT SIZE    =   ----    ----
   XDATA SIZE       =   ----    ----
   PDATA SIZE       =   ----    ----
   DATA SIZE        =   ----    ----
   IDATA SIZE       =   ----    ----
   BIT SIZE         =   ----    ----
END OF MODULE INFORMATION.


C51 COMPILATION COMPLETE.  0 WARNING(S),  0 ERROR(S)
