C51 COMPILER V9.53.0.0   PROGRAM                                                           03/16/2025 08:35:43 PAGE 1   


C51 COMPILER V9.53.0.0, COMPILATION OF MODULE PROGRAM
OBJECT MODULE PLACED IN program.OBJ
COMPILER INVOKED BY: C:\Keil_v5\C51\BIN\C51.EXE program.c OPTIMIZE(8,SPEED) BROWSE DEBUG OBJECTEXTEND TABS(2)

line level    source

   1          #include <REGX51.H>
   2          #define seg =  P1;
   3          #define Light1=P2;
   4          #define Light2=P3;
   5          sbit d1 =P0^0;
   6          sbit d2 =P0^1;
   7          void delay();
   8          void Time1();
   9          void Time2();
  10          void main(){
  11   1        P1=0x00;
  12   1        P2=0x00;
  13   1        P3=0x00;
  14   1        while(1){
  15   2        P2=0x14;
  16   2        P3=0x11;
  17   2        Time1();
  18   2        P2=0X22;
  19   2        Time2();
  20   2        P2=0X41;
  21   2        Time1();
  22   2        P2=0X21;
  23   2        P3=0X12;
  24   2        Time2();
  25   2        P2=0X11;
  26   2        P3=0X14;
  27   2        Time1();
  28   2        P3=0X22;
  29   2        Time2();
  30   2        P3=0X41;
  31   2        Time1();
  32   2        P3=0x21;
  33   2        P2=0x12;
  34   2        Time2();}}
  35            void Time1(){
  36   1        unsigned char HEX[10]={0X3F,0x06,0x5B,0x4F,0x66,0x6D,0x7D,0x07,0x7F,0x6F};
  37   1        unsigned int i=0,j=0;
  38   1          for(i=0;i<21;i++){
  39   2            j=i%10;
  40   2            d1=1;
  41   2            d2=0;
  42   2            P1=HEX[j];
  43   2            delay();
  44   2            j=i/10;
  45   2            d1=0;
  46   2            d2=1;
  47   2            P1=HEX[j];
  48   2            delay();}}
  49            void Time2(){
  50   1        unsigned char HEX[10]={0X3F,0x06,0x5B,0x4F,0x66,0x6D};
  51   1        unsigned int i=0,j=0;
  52   1          for(i=0;i<6;i++){
  53   2            j=i%10;
  54   2            d1=1;
  55   2            d2=0;
C51 COMPILER V9.53.0.0   PROGRAM                                                           03/16/2025 08:35:43 PAGE 2   

  56   2            P1=HEX[j];
  57   2            delay();
  58   2            j=i/10;
  59   2            d1=0;
  60   2            d2=1;
  61   2            P1=HEX[j];
  62   2            delay();}}
  63            void delay(){
  64   1        unsigned int i;
  65   1        for(i=0;i<30000;i++);}


MODULE INFORMATION:   STATIC OVERLAYABLE
   CODE SIZE        =    289    ----
   CONSTANT SIZE    =     20    ----
   XDATA SIZE       =   ----    ----
   PDATA SIZE       =   ----    ----
   DATA SIZE        =   ----      28
   IDATA SIZE       =   ----    ----
   BIT SIZE         =   ----    ----
END OF MODULE INFORMATION.


C51 COMPILATION COMPLETE.  0 WARNING(S),  0 ERROR(S)
