C51 COMPILER V9.53.0.0   PROGRAM                                                           01/22/2025 15:42:55 PAGE 1   


C51 COMPILER V9.53.0.0, COMPILATION OF MODULE PROGRAM
OBJECT MODULE PLACED IN program.OBJ
COMPILER INVOKED BY: C:\Keil_v5\C51\BIN\C51.EXE program.c OPTIMIZE(8,SPEED) BROWSE DEBUG OBJECTEXTEND TABS(2)

line level    source

   1          #include <REGX51.H>
   2          #define leds P2
   3          void dely(unsigned int dly);
   4          void main(void){
   5   1        unsigned int delay =0,i;
   6   1        while(1){
   7   2         for(i=0x01;i!=0x00;i<<=1){
   8   3           leds =i;
   9   3           dely(50);}
  10   2         for(i=0x80;i!=0x00;i>>=1){
  11   3           leds =i;
  12   3           dely(50);}}}
  13              void dely (unsigned int dly){
  14   1            unsigned int loop=0,dly_led=0;
  15   1            for(loop=0;loop<dly;loop++)
  16   1            for(dly_led=0;dly_led<1000;dly_led++);}


MODULE INFORMATION:   STATIC OVERLAYABLE
   CODE SIZE        =    100    ----
   CONSTANT SIZE    =   ----    ----
   XDATA SIZE       =   ----    ----
   PDATA SIZE       =   ----    ----
   DATA SIZE        =   ----       4
   IDATA SIZE       =   ----    ----
   BIT SIZE         =   ----    ----
END OF MODULE INFORMATION.


C51 COMPILATION COMPLETE.  0 WARNING(S),  0 ERROR(S)
