C51 COMPILER V9.53.0.0   PROGRAM                                                           01/31/2025 17:34:38 PAGE 1   


C51 COMPILER V9.53.0.0, COMPILATION OF MODULE PROGRAM
OBJECT MODULE PLACED IN program.OBJ
COMPILER INVOKED BY: C:\Keil_v5\C51\BIN\C51.EXE program.c OPTIMIZE(8,SPEED) BROWSE DEBUG OBJECTEXTEND TABS(2)

line level    source

   1          #include <REGX51.H>
   2          sbit IN1=P2^0;
   3          sbit IN2=P2^1;
   4          sbit EN1=P2^2;
   5          sbit IN3=P2^3;
   6          sbit IN4=P2^4;
   7          void delay();
   8          void main(){
   9   1        while(1){
  10   2          IN1=1;
  11   2          IN2=0;
  12   2          delay();
  13   2          IN2=1;
  14   2          IN1=0;
  15   2        delay();}}
  16          void delay(){
  17   1        unsigned int i;
  18   1        for(i=0;i<50;i++);}
  19            
  20            


MODULE INFORMATION:   STATIC OVERLAYABLE
   CODE SIZE        =     31    ----
   CONSTANT SIZE    =   ----    ----
   XDATA SIZE       =   ----    ----
   PDATA SIZE       =   ----    ----
   DATA SIZE        =   ----    ----
   IDATA SIZE       =   ----    ----
   BIT SIZE         =   ----    ----
END OF MODULE INFORMATION.


C51 COMPILATION COMPLETE.  0 WARNING(S),  0 ERROR(S)
