C51 COMPILER V9.53.0.0   PROGRAM                                                           01/06/2025 17:36:34 PAGE 1   


C51 COMPILER V9.53.0.0, COMPILATION OF MODULE PROGRAM
OBJECT MODULE PLACED IN program.OBJ
COMPILER INVOKED BY: C:\Keil_v5\C51\BIN\C51.EXE program.c OPTIMIZE(8,SPEED) BROWSE DEBUG OBJECTEXTEND TABS(2)

line level    source

   1          #include<reg51.h>
   2          sbit LED=P2^0;
   3          void delay();
   4          void main()
   5            {
   6   1        while(1)
   7   1        {
   8   2          P2=0x01;
   9   2          delay();
  10   2          P2=0x00;
  11   2          delay();
  12   2        }
  13   1      }
  14          void delay()
  15          {
  16   1        unsigned int i;
  17   1        for(i=0;i<35000;i++);
  18   1      }
  19          
  20            


MODULE INFORMATION:   STATIC OVERLAYABLE
   CODE SIZE        =     40    ----
   CONSTANT SIZE    =   ----    ----
   XDATA SIZE       =   ----    ----
   PDATA SIZE       =   ----    ----
   DATA SIZE        =   ----    ----
   IDATA SIZE       =   ----    ----
   BIT SIZE         =   ----    ----
END OF MODULE INFORMATION.


C51 COMPILATION COMPLETE.  0 WARNING(S),  0 ERROR(S)
