C51 COMPILER V9.53.0.0   PROGRAM                                                           01/27/2025 15:46:56 PAGE 1   


C51 COMPILER V9.53.0.0, COMPILATION OF MODULE PROGRAM
OBJECT MODULE PLACED IN program.OBJ
COMPILER INVOKED BY: C:\Keil_v5\C51\BIN\C51.EXE program.c OPTIMIZE(8,SPEED) BROWSE DEBUG OBJECTEXTEND TABS(2)

line level    source

   1          #include <REGX51.H>
   2          #define seg P3
   3          sbit d1 = P2^0;
   4          sbit d2 = P2^1;
   5          void delay();
   6          void main(){
   7   1        unsigned char a[10]={0X3F,0x06,0x5B,0x4F,0x66,0x6D,0x7D,0x07,0x7F,0x6F};
   8   1        unsigned int i,j;
   9   1        while(1){
  10   2          for(i=0;i<100;i++){
  11   3            j=i%10;
  12   3            d1=1;
  13   3            d2=0;
  14   3            seg=a[j];
  15   3            delay();
  16   3            j=i/10;
  17   3            d1=0;
  18   3            d2=1;
  19   3            seg=a[j];
  20   3            delay();}}}
  21            void delay(){
  22   1        unsigned int i;
  23   1        for(i=0;i<20000;i++);}


MODULE INFORMATION:   STATIC OVERLAYABLE
   CODE SIZE        =    117    ----
   CONSTANT SIZE    =     10    ----
   XDATA SIZE       =   ----    ----
   PDATA SIZE       =   ----    ----
   DATA SIZE        =   ----      14
   IDATA SIZE       =   ----    ----
   BIT SIZE         =   ----    ----
END OF MODULE INFORMATION.


C51 COMPILATION COMPLETE.  0 WARNING(S),  0 ERROR(S)
