C51 COMPILER V9.53.0.0   PROGRAM                                                           01/08/2025 11:03:38 PAGE 1   


C51 COMPILER V9.53.0.0, COMPILATION OF MODULE PROGRAM
OBJECT MODULE PLACED IN program.OBJ
COMPILER INVOKED BY: C:\Keil_v5\C51\BIN\C51.EXE program.c OPTIMIZE(8,SPEED) BROWSE DEBUG OBJECTEXTEND TABS(2)

line level    source

   1          #include<reg51.h>
   2          sbit S1=P3^0;
   3          sbit S2=P3^1;
   4          sbit S3=P3^2;
   5          sbit S4=P3^3;
   6          sbit LED1=P2^0;
   7          sbit LED2=P2^1;
   8          sbit LED3=P2^2;
   9          void main(){
  10   1        P3=0x00;
  11   1        P2=0x00;
  12   1        while (1){
  13   2          if(S1==1){
  14   3            LED1=1;}
  15   2            if (S2==1){
  16   3              LED1=0;
  17   3              LED2=1;}
  18   2              if (S3==1){
  19   3                LED2=0;
  20   3              LED3=1;}
  21   2              if (S4==1){
  22   3                LED3=0;
  23   3              }}}       


MODULE INFORMATION:   STATIC OVERLAYABLE
   CODE SIZE        =     31    ----
   CONSTANT SIZE    =   ----    ----
   XDATA SIZE       =   ----    ----
   PDATA SIZE       =   ----    ----
   DATA SIZE        =   ----    ----
   IDATA SIZE       =   ----    ----
   BIT SIZE         =   ----    ----
END OF MODULE INFORMATION.


C51 COMPILATION COMPLETE.  0 WARNING(S),  0 ERROR(S)
