C51 COMPILER V9.53.0.0   PROGRAM                                                           01/23/2025 11:17:16 PAGE 1   


C51 COMPILER V9.53.0.0, COMPILATION OF MODULE PROGRAM
OBJECT MODULE PLACED IN program.OBJ
COMPILER INVOKED BY: C:\Keil_v5\C51\BIN\C51.EXE program.c OPTIMIZE(8,SPEED) BROWSE DEBUG OBJECTEXTEND TABS(2)

line level    source

   1          #include <reg51.h>
   2          void main(){
   3   1      unsigned char seg[10]={0x3F,0x06,0x5B,0x4F,0x66,0x6D,0x7D,0x07,0x7F,0x6F};
   4   1      unsigned char x;
   5   1      unsigned int i;
   6   1      P2=0x00;
   7   1      while(1)
   8   1        {
   9   2        for(x=0;x<10;x++)
  10   2          {
  11   3      P2=seg[x];
  12   3          for(i=0;i<35000;i++);
  13   3      }
  14   2      }
  15   1      }


MODULE INFORMATION:   STATIC OVERLAYABLE
   CODE SIZE        =     67    ----
   CONSTANT SIZE    =     10    ----
   XDATA SIZE       =   ----    ----
   PDATA SIZE       =   ----    ----
   DATA SIZE        =   ----      11
   IDATA SIZE       =   ----    ----
   BIT SIZE         =   ----    ----
END OF MODULE INFORMATION.


C51 COMPILATION COMPLETE.  0 WARNING(S),  0 ERROR(S)
