C51 COMPILER V9.53.0.0   PROGRAN                                                           04/09/2025 15:33:49 PAGE 1   


C51 COMPILER V9.53.0.0, COMPILATION OF MODULE PROGRAN
OBJECT MODULE PLACED IN progran.OBJ
COMPILER INVOKED BY: C:\Keil_v5\C51\BIN\C51.EXE progran.c OPTIMIZE(8,SPEED) BROWSE DEBUG OBJECTEXTEND TABS(2)

line level    source

   1          #include <REGX51.H>
   2          #define seg = P1;
   3          sbit R1= P2^0;
   4          sbit Y1= P2^1;
   5          sbit G1= P2^2;
   6          sbit R2= P2^3;
   7          sbit Y2= P2^4;
   8          sbit G2= P2^5;
   9          sbit R3= P3^0;
  10          sbit Y3= P3^1;
  11          sbit G3= P3^2;
  12          sbit R4= P3^3;
  13          sbit Y4= P3^4;
  14          sbit G4= P3^5;
  15          sbit d1= P3^6;
  16          sbit d2= P3^7;
  17          void delay();
  18          void Time1();
  19          void Time2();
  20          void main(){
  21   1        P1=0x00;
  22   1        P2=0x00;
  23   1        P3=0x00;
  24   1        while(1){
  25   2      G1=1;Y1=0;R2=1;R3=1;R4=1;
  26   2      Time1();
  27   2      R1=0;G1=0;Y1=1;Y2=1;R2=0;
  28   2      Time2();
  29   2      R1=1;G2=1;Y1=0;Y2=0;R2=0;
  30   2      Time1();
  31   2      G1=0;G2=0;Y3=1;Y2=1;R3=0;
  32   2      Time2();
  33   2      G3=1;Y2=0;Y1=0;Y3=0;R2=1;R3=0;
  34   2      Time1();
  35   2      G3=0;Y1=0;Y3=1;Y4=1;R3=0;R4=0;
  36   2      Time2();
  37   2      G4=1;Y3=0;Y4=0;R1=1;R2=1;R3=1;
  38   2      Time1();
  39   2      G4=0;Y1=1;Y4=1;R1=0;R2=1;R3=1;
  40   2      Time2();
  41   2          
  42   2      getch();}}
*** WARNING C206 IN LINE 42 OF progran.c: 'getch': missing function-prototype
  43            void Time1(){
  44   1        unsigned char HEX[10]={0X3F,0x06,0x5B,0x4F,0x66,0x6D,0x7D,0x07,0x7F,0x6F};
  45   1        unsigned int i,j;
  46   1          for(i=0;i<21;i++){
  47   2            j=i%10;
  48   2            d1=1;
  49   2            d2=0;
  50   2            P1=HEX[j];
  51   2            delay();
  52   2            j=i/10;
  53   2            d1=0;
  54   2            d2=1;
C51 COMPILER V9.53.0.0   PROGRAN                                                           04/09/2025 15:33:49 PAGE 2   

  55   2            P1=HEX[j];
  56   2            delay();}}
  57            void Time2(){
  58   1        unsigned char HEX[10]={0X3F,0x06,0x5B,0x4F,0x66,0x6D};
  59   1        unsigned int i=0,j;
  60   1          for(i=0;i<6;i++){
  61   2            j=i%10;
  62   2            d1=1;
  63   2            d2=0;
  64   2            P1=HEX[j];
  65   2            delay();
  66   2            j=i/10;
  67   2            d1=0;
  68   2            d2=1;
  69   2            P1=HEX[j];
  70   2            delay();}}
  71            void delay(){
  72   1        unsigned int i;
  73   1        for(i=0;i<32000;i++);}


MODULE INFORMATION:   STATIC OVERLAYABLE
   CODE SIZE        =    334    ----
   CONSTANT SIZE    =     20    ----
   XDATA SIZE       =   ----    ----
   PDATA SIZE       =   ----    ----
   DATA SIZE        =   ----      28
   IDATA SIZE       =   ----    ----
   BIT SIZE         =   ----    ----
END OF MODULE INFORMATION.


C51 COMPILATION COMPLETE.  1 WARNING(S),  0 ERROR(S)
